running egg_info
writing ../../build/navigation_unity_package/navigation_unity_package.egg-info/PKG-INFO
writing dependency_links to ../../build/navigation_unity_package/navigation_unity_package.egg-info/dependency_links.txt
writing entry points to ../../build/navigation_unity_package/navigation_unity_package.egg-info/entry_points.txt
writing requirements to ../../build/navigation_unity_package/navigation_unity_package.egg-info/requires.txt
writing top-level names to ../../build/navigation_unity_package/navigation_unity_package.egg-info/top_level.txt
reading manifest file '../../build/navigation_unity_package/navigation_unity_package.egg-info/SOURCES.txt'
writing manifest file '../../build/navigation_unity_package/navigation_unity_package.egg-info/SOURCES.txt'
running build
running build_py
copying navigation_unity_package/agent_distance_subscriber.py -> /home/ubuntu/ros2_ws/build/navigation_unity_package/build/lib/navigation_unity_package
running install
running install_lib
copying /home/ubuntu/ros2_ws/build/navigation_unity_package/build/lib/navigation_unity_package/agent_distance_subscriber.py -> /home/ubuntu/ros2_ws/install/navigation_unity_package/lib/python3.10/site-packages/navigation_unity_package
byte-compiling /home/ubuntu/ros2_ws/install/navigation_unity_package/lib/python3.10/site-packages/navigation_unity_package/agent_distance_subscriber.py to agent_distance_subscriber.cpython-310.pyc
running install_data
running install_egg_info
removing '/home/ubuntu/ros2_ws/install/navigation_unity_package/lib/python3.10/site-packages/navigation_unity_package-0.0.0-py3.10.egg-info' (and everything under it)
Copying ../../build/navigation_unity_package/navigation_unity_package.egg-info to /home/ubuntu/ros2_ws/install/navigation_unity_package/lib/python3.10/site-packages/navigation_unity_package-0.0.0-py3.10.egg-info
running install_scripts
Installing agent_distance_subscriber script to /home/ubuntu/ros2_ws/install/navigation_unity_package/lib/navigation_unity_package
Installing agent_target_publisher script to /home/ubuntu/ros2_ws/install/navigation_unity_package/lib/navigation_unity_package
Installing target_subscriber script to /home/ubuntu/ros2_ws/install/navigation_unity_package/lib/navigation_unity_package
writing list of installed files to '/home/ubuntu/ros2_ws/build/navigation_unity_package/install.log'
