[0.004s] Invoking command in '/home/ubuntu/ros2_ws/build/custom_msgs': CMAKE_PREFIX_PATH=${CMAKE_PREFIX_PATH}:/home/ubuntu/ros2_ws/install/ros_tcp_endpoint:/home/ubuntu/ros2_ws/install/navigation_unity_package:/opt/ros/humble /usr/bin/cmake /home/ubuntu/ros2_ws/src/custom_msgs -DCMAKE_INSTALL_PREFIX=/home/ubuntu/ros2_ws/install/custom_msgs
[0.030s] -- The C compiler identification is GNU 11.4.0
[0.061s] -- The CXX compiler identification is GNU 11.4.0
[0.064s] -- Detecting C compiler ABI info
[0.089s] -- Detecting C compiler ABI info - done
[0.091s] -- Check for working C compiler: /usr/bin/cc - skipped
[0.092s] -- Detecting C compile features
[0.092s] -- Detecting C compile features - done
[0.094s] -- Detecting CXX compiler ABI info
[0.122s] -- Detecting CXX compiler ABI info - done
[0.125s] -- Check for working CXX compiler: /usr/bin/c++ - skipped
[0.125s] -- Detecting CXX compile features
[0.125s] -- Detecting CXX compile features - done
[0.134s] -- Found ament_cmake: 1.3.11 (/opt/ros/humble/share/ament_cmake/cmake)
[0.186s] -- Found Python3: /usr/bin/python3 (found version "3.10.12") found components: Interpreter 
[0.217s] -- Found geometry_msgs: 4.2.4 (/opt/ros/humble/share/geometry_msgs/cmake)
[0.230s] -- Found rosidl_generator_c: 3.1.6 (/opt/ros/humble/share/rosidl_generator_c/cmake)
[0.232s] -- Found rosidl_adapter: 3.1.6 (/opt/ros/humble/share/rosidl_adapter/cmake)
[0.235s] -- Found rosidl_generator_cpp: 3.1.6 (/opt/ros/humble/share/rosidl_generator_cpp/cmake)
[0.240s] -- Using all available rosidl_typesupport_c: rosidl_typesupport_fastrtps_c;rosidl_typesupport_introspection_c
[0.246s] -- Using all available rosidl_typesupport_cpp: rosidl_typesupport_fastrtps_cpp;rosidl_typesupport_introspection_cpp
[0.259s] -- Found rosidl_default_generators: 1.2.0 (/opt/ros/humble/share/rosidl_default_generators/cmake)
[0.367s] -- Found ament_cmake_ros: 0.10.0 (/opt/ros/humble/share/ament_cmake_ros/cmake)
[0.517s] -- Using all available rosidl_typesupport_c: rosidl_typesupport_fastrtps_c;rosidl_typesupport_introspection_c
[0.576s] -- Using all available rosidl_typesupport_cpp: rosidl_typesupport_fastrtps_cpp;rosidl_typesupport_introspection_cpp
[0.584s] -- Found PythonInterp: /usr/bin/python3 (found suitable version "3.10.12", minimum required is "3.6") 
[0.585s] -- Found python_cmake_module: 0.10.0 (/opt/ros/humble/share/python_cmake_module/cmake)
[0.595s] -- Found PythonLibs: /usr/lib/aarch64-linux-gnu/libpython3.10.so (found suitable version "3.10.12", minimum required is "3.5") 
[0.595s] -- Using PYTHON_EXECUTABLE: /usr/bin/python3
[0.595s] -- Using PYTHON_INCLUDE_DIRS: /usr/include/python3.10
[0.595s] -- Using PYTHON_LIBRARIES: /usr/lib/aarch64-linux-gnu/libpython3.10.so
[0.602s] -- Found PythonExtra: .so  
[0.624s] -- Found ament_lint_auto: 0.12.11 (/opt/ros/humble/share/ament_lint_auto/cmake)
[0.630s] -- Added test 'lint_cmake' to check CMake code style
[0.630s] -- Added test 'xmllint' to check XML markup files
[0.631s] -- Configuring done
[0.643s] -- Generating done
[0.647s] -- Build files have been written to: /home/ubuntu/ros2_ws/build/custom_msgs
[0.651s] Invoked command in '/home/ubuntu/ros2_ws/build/custom_msgs' returned '0': CMAKE_PREFIX_PATH=${CMAKE_PREFIX_PATH}:/home/ubuntu/ros2_ws/install/ros_tcp_endpoint:/home/ubuntu/ros2_ws/install/navigation_unity_package:/opt/ros/humble /usr/bin/cmake /home/ubuntu/ros2_ws/src/custom_msgs -DCMAKE_INSTALL_PREFIX=/home/ubuntu/ros2_ws/install/custom_msgs
[0.652s] Invoking command in '/home/ubuntu/ros2_ws/build/custom_msgs': CMAKE_PREFIX_PATH=${CMAKE_PREFIX_PATH}:/home/ubuntu/ros2_ws/install/ros_tcp_endpoint:/home/ubuntu/ros2_ws/install/navigation_unity_package:/opt/ros/humble /usr/bin/cmake --build /home/ubuntu/ros2_ws/build/custom_msgs -- -j4 -l4
[0.667s] [  2%] [34m[1mGenerating C code for ROS interfaces[0m
[0.671s] [  5%] [34m[1mGenerating C++ code for ROS interfaces[0m
[0.674s] [  5%] Built target ament_cmake_python_copy_custom_msgs
[0.766s] running egg_info
[0.766s] creating custom_msgs.egg-info
[0.767s] writing custom_msgs.egg-info/PKG-INFO
[0.767s] writing dependency_links to custom_msgs.egg-info/dependency_links.txt
[0.767s] writing top-level names to custom_msgs.egg-info/top_level.txt
[0.767s] writing manifest file 'custom_msgs.egg-info/SOURCES.txt'
[0.767s] reading manifest file 'custom_msgs.egg-info/SOURCES.txt'
[0.768s] writing manifest file 'custom_msgs.egg-info/SOURCES.txt'
[0.780s] [  5%] Built target ament_cmake_python_build_custom_msgs_egg
[0.806s] [  5%] Built target custom_msgs__cpp
[0.807s] [  7%] [32mBuilding C object CMakeFiles/custom_msgs__rosidl_generator_c.dir/rosidl_generator_c/custom_msgs/msg/detail/agent_target_positions__functions.c.o[0m
[0.807s] [ 10%] [32mBuilding C object CMakeFiles/custom_msgs__rosidl_generator_c.dir/rosidl_generator_c/custom_msgs/msg/detail/agent_target_destinations__functions.c.o[0m
[0.809s] [ 12%] [34m[1mGenerating C++ type support dispatch for ROS interfaces[0m
[0.809s] [ 15%] [34m[1mGenerating C++ type support for eProsima Fast-RTPS[0m
[0.828s] [ 20%] [34m[1mGenerating C++ introspection for ROS interfaces[0m
[0.828s] [ 20%] [32m[1mLinking C shared library libcustom_msgs__rosidl_generator_c.so[0m
[0.847s] [ 20%] Built target custom_msgs__rosidl_generator_c
[0.851s] [ 23%] [34m[1mGenerating C type support for eProsima Fast-RTPS[0m
[0.930s] [ 25%] [32mBuilding CXX object CMakeFiles/custom_msgs__rosidl_typesupport_cpp.dir/rosidl_typesupport_cpp/custom_msgs/msg/agent_target_positions__type_support.cpp.o[0m
[0.939s] [ 28%] [32mBuilding CXX object CMakeFiles/custom_msgs__rosidl_typesupport_fastrtps_cpp.dir/rosidl_typesupport_fastrtps_cpp/custom_msgs/msg/detail/dds_fastrtps/agent_target_positions__type_support.cpp.o[0m
[0.953s] [ 30%] [32mBuilding CXX object CMakeFiles/custom_msgs__rosidl_typesupport_introspection_cpp.dir/rosidl_typesupport_introspection_cpp/custom_msgs/msg/detail/agent_target_positions__type_support.cpp.o[0m
[0.981s] [ 33%] [32mBuilding CXX object CMakeFiles/custom_msgs__rosidl_typesupport_fastrtps_c.dir/rosidl_typesupport_fastrtps_c/custom_msgs/msg/detail/agent_target_positions__type_support_c.cpp.o[0m
[1.054s] [ 35%] [32mBuilding CXX object CMakeFiles/custom_msgs__rosidl_typesupport_cpp.dir/rosidl_typesupport_cpp/custom_msgs/msg/agent_target_destinations__type_support.cpp.o[0m
[1.129s] [ 38%] [32mBuilding CXX object CMakeFiles/custom_msgs__rosidl_typesupport_fastrtps_c.dir/rosidl_typesupport_fastrtps_c/custom_msgs/msg/detail/agent_target_destinations__type_support_c.cpp.o[0m
[1.146s] [ 41%] [32mBuilding CXX object CMakeFiles/custom_msgs__rosidl_typesupport_introspection_cpp.dir/rosidl_typesupport_introspection_cpp/custom_msgs/msg/detail/agent_target_destinations__type_support.cpp.o[0m
[1.157s] [ 43%] [32mBuilding CXX object CMakeFiles/custom_msgs__rosidl_typesupport_fastrtps_cpp.dir/rosidl_typesupport_fastrtps_cpp/custom_msgs/msg/detail/dds_fastrtps/agent_target_destinations__type_support.cpp.o[0m
[1.173s] [ 46%] [32m[1mLinking CXX shared library libcustom_msgs__rosidl_typesupport_cpp.so[0m
[1.191s] [ 46%] Built target custom_msgs__rosidl_typesupport_cpp
[1.195s] [ 48%] [34m[1mGenerating C introspection for ROS interfaces[0m
[1.255s] [ 51%] [32m[1mLinking CXX shared library libcustom_msgs__rosidl_typesupport_fastrtps_c.so[0m
[1.287s] [ 51%] Built target custom_msgs__rosidl_typesupport_fastrtps_c
[1.291s] [ 53%] [34m[1mGenerating C type support dispatch for ROS interfaces[0m
[1.307s] [ 56%] [32m[1mLinking CXX shared library libcustom_msgs__rosidl_typesupport_introspection_cpp.so[0m
[1.319s] [ 58%] [32m[1mLinking CXX shared library libcustom_msgs__rosidl_typesupport_fastrtps_cpp.so[0m
[1.325s] [ 61%] [32mBuilding C object CMakeFiles/custom_msgs__rosidl_typesupport_introspection_c.dir/rosidl_typesupport_introspection_c/custom_msgs/msg/detail/agent_target_positions__type_support.c.o[0m
[1.348s] [ 61%] Built target custom_msgs__rosidl_typesupport_introspection_cpp
[1.348s] [ 61%] Built target custom_msgs__rosidl_typesupport_fastrtps_cpp
[1.350s] [ 64%] [32mBuilding C object CMakeFiles/custom_msgs__rosidl_typesupport_introspection_c.dir/rosidl_typesupport_introspection_c/custom_msgs/msg/detail/agent_target_destinations__type_support.c.o[0m
[1.365s] [ 66%] [32m[1mLinking C shared library libcustom_msgs__rosidl_typesupport_introspection_c.so[0m
[1.376s] [ 66%] Built target custom_msgs__rosidl_typesupport_introspection_c
[1.399s] [ 69%] [32mBuilding CXX object CMakeFiles/custom_msgs__rosidl_typesupport_c.dir/rosidl_typesupport_c/custom_msgs/msg/agent_target_positions__type_support.cpp.o[0m
[1.399s] [ 71%] [32mBuilding CXX object CMakeFiles/custom_msgs__rosidl_typesupport_c.dir/rosidl_typesupport_c/custom_msgs/msg/agent_target_destinations__type_support.cpp.o[0m
[1.412s] [ 74%] [32m[1mLinking CXX shared library libcustom_msgs__rosidl_typesupport_c.so[0m
[1.426s] [ 74%] Built target custom_msgs__rosidl_typesupport_c
[1.432s] [ 74%] Built target custom_msgs
[1.438s] [ 76%] [34m[1mGenerating Python code for ROS interfaces[0m
[1.597s] [ 76%] Built target custom_msgs__py
[1.602s] [ 79%] [32mBuilding C object CMakeFiles/custom_msgs__rosidl_generator_py.dir/rosidl_generator_py/custom_msgs/msg/_agent_target_positions_s.c.o[0m
[1.602s] [ 82%] [32mBuilding C object CMakeFiles/custom_msgs__rosidl_generator_py.dir/rosidl_generator_py/custom_msgs/msg/_agent_target_destinations_s.c.o[0m
[1.647s] [ 84%] [32m[1mLinking C shared library rosidl_generator_py/custom_msgs/libcustom_msgs__rosidl_generator_py.so[0m
[1.662s] [ 84%] Built target custom_msgs__rosidl_generator_py
[1.668s] [ 87%] [32mBuilding C object CMakeFiles/custom_msgs__rosidl_typesupport_introspection_c__pyext.dir/rosidl_generator_py/custom_msgs/_custom_msgs_s.ep.rosidl_typesupport_introspection_c.c.o[0m
[1.668s] [ 89%] [32mBuilding C object CMakeFiles/custom_msgs__rosidl_typesupport_c__pyext.dir/rosidl_generator_py/custom_msgs/_custom_msgs_s.ep.rosidl_typesupport_c.c.o[0m
[1.668s] [ 92%] [32mBuilding C object CMakeFiles/custom_msgs__rosidl_typesupport_fastrtps_c__pyext.dir/rosidl_generator_py/custom_msgs/_custom_msgs_s.ep.rosidl_typesupport_fastrtps_c.c.o[0m
[1.710s] [100%] [32m[1mLinking C shared library rosidl_generator_py/custom_msgs/custom_msgs_s__rosidl_typesupport_introspection_c.cpython-310-aarch64-linux-gnu.so[0m
[1.710s] [100%] [32m[1mLinking C shared library rosidl_generator_py/custom_msgs/custom_msgs_s__rosidl_typesupport_c.cpython-310-aarch64-linux-gnu.so[0m
[1.710s] [100%] [32m[1mLinking C shared library rosidl_generator_py/custom_msgs/custom_msgs_s__rosidl_typesupport_fastrtps_c.cpython-310-aarch64-linux-gnu.so[0m
[1.724s] [100%] Built target custom_msgs__rosidl_typesupport_fastrtps_c__pyext
[1.725s] [100%] Built target custom_msgs__rosidl_typesupport_introspection_c__pyext
[1.725s] [100%] Built target custom_msgs__rosidl_typesupport_c__pyext
[1.729s] Invoked command in '/home/ubuntu/ros2_ws/build/custom_msgs' returned '0': CMAKE_PREFIX_PATH=${CMAKE_PREFIX_PATH}:/home/ubuntu/ros2_ws/install/ros_tcp_endpoint:/home/ubuntu/ros2_ws/install/navigation_unity_package:/opt/ros/humble /usr/bin/cmake --build /home/ubuntu/ros2_ws/build/custom_msgs -- -j4 -l4
[1.732s] Invoking command in '/home/ubuntu/ros2_ws/build/custom_msgs': CMAKE_PREFIX_PATH=${CMAKE_PREFIX_PATH}:/home/ubuntu/ros2_ws/install/ros_tcp_endpoint:/home/ubuntu/ros2_ws/install/navigation_unity_package:/opt/ros/humble /usr/bin/cmake --install /home/ubuntu/ros2_ws/build/custom_msgs
[1.735s] -- Install configuration: ""
[1.735s] -- Installing: /home/ubuntu/ros2_ws/install/custom_msgs/share/ament_index/resource_index/rosidl_interfaces/custom_msgs
[1.735s] -- Installing: /home/ubuntu/ros2_ws/install/custom_msgs/include/custom_msgs/custom_msgs
[1.735s] -- Installing: /home/ubuntu/ros2_ws/install/custom_msgs/include/custom_msgs/custom_msgs/msg
[1.735s] -- Installing: /home/ubuntu/ros2_ws/install/custom_msgs/include/custom_msgs/custom_msgs/msg/rosidl_generator_c__visibility_control.h
[1.735s] -- Installing: /home/ubuntu/ros2_ws/install/custom_msgs/include/custom_msgs/custom_msgs/msg/detail
[1.735s] -- Installing: /home/ubuntu/ros2_ws/install/custom_msgs/include/custom_msgs/custom_msgs/msg/detail/agent_target_positions__struct.h
[1.735s] -- Installing: /home/ubuntu/ros2_ws/install/custom_msgs/include/custom_msgs/custom_msgs/msg/detail/agent_target_positions__functions.h
[1.735s] -- Installing: /home/ubuntu/ros2_ws/install/custom_msgs/include/custom_msgs/custom_msgs/msg/detail/agent_target_destinations__functions.h
[1.735s] -- Installing: /home/ubuntu/ros2_ws/install/custom_msgs/include/custom_msgs/custom_msgs/msg/detail/agent_target_destinations__functions.c
[1.735s] -- Installing: /home/ubuntu/ros2_ws/install/custom_msgs/include/custom_msgs/custom_msgs/msg/detail/agent_target_destinations__struct.h
[1.735s] -- Installing: /home/ubuntu/ros2_ws/install/custom_msgs/include/custom_msgs/custom_msgs/msg/detail/agent_target_positions__type_support.h
[1.735s] -- Installing: /home/ubuntu/ros2_ws/install/custom_msgs/include/custom_msgs/custom_msgs/msg/detail/agent_target_positions__functions.c
[1.735s] -- Installing: /home/ubuntu/ros2_ws/install/custom_msgs/include/custom_msgs/custom_msgs/msg/detail/agent_target_destinations__type_support.h
[1.735s] -- Installing: /home/ubuntu/ros2_ws/install/custom_msgs/include/custom_msgs/custom_msgs/msg/agent_target_destinations.h
[1.736s] -- Installing: /home/ubuntu/ros2_ws/install/custom_msgs/include/custom_msgs/custom_msgs/msg/agent_target_positions.h
[1.736s] -- Installing: /home/ubuntu/ros2_ws/install/custom_msgs/share/custom_msgs/environment/library_path.sh
[1.736s] -- Installing: /home/ubuntu/ros2_ws/install/custom_msgs/share/custom_msgs/environment/library_path.dsv
[1.736s] -- Installing: /home/ubuntu/ros2_ws/install/custom_msgs/lib/libcustom_msgs__rosidl_generator_c.so
[1.736s] -- Set runtime path of "/home/ubuntu/ros2_ws/install/custom_msgs/lib/libcustom_msgs__rosidl_generator_c.so" to ""
[1.736s] -- Up-to-date: /home/ubuntu/ros2_ws/install/custom_msgs/include/custom_msgs/custom_msgs
[1.736s] -- Up-to-date: /home/ubuntu/ros2_ws/install/custom_msgs/include/custom_msgs/custom_msgs/msg
[1.736s] -- Installing: /home/ubuntu/ros2_ws/install/custom_msgs/include/custom_msgs/custom_msgs/msg/rosidl_typesupport_fastrtps_c__visibility_control.h
[1.736s] -- Up-to-date: /home/ubuntu/ros2_ws/install/custom_msgs/include/custom_msgs/custom_msgs/msg/detail
[1.736s] -- Installing: /home/ubuntu/ros2_ws/install/custom_msgs/include/custom_msgs/custom_msgs/msg/detail/agent_target_destinations__rosidl_typesupport_fastrtps_c.h
[1.736s] -- Installing: /home/ubuntu/ros2_ws/install/custom_msgs/include/custom_msgs/custom_msgs/msg/detail/agent_target_positions__rosidl_typesupport_fastrtps_c.h
[1.736s] -- Installing: /home/ubuntu/ros2_ws/install/custom_msgs/lib/libcustom_msgs__rosidl_typesupport_fastrtps_c.so
[1.736s] -- Set runtime path of "/home/ubuntu/ros2_ws/install/custom_msgs/lib/libcustom_msgs__rosidl_typesupport_fastrtps_c.so" to ""
[1.736s] -- Up-to-date: /home/ubuntu/ros2_ws/install/custom_msgs/include/custom_msgs/custom_msgs
[1.736s] -- Up-to-date: /home/ubuntu/ros2_ws/install/custom_msgs/include/custom_msgs/custom_msgs/msg
[1.736s] -- Installing: /home/ubuntu/ros2_ws/install/custom_msgs/include/custom_msgs/custom_msgs/msg/agent_target_destinations.hpp
[1.736s] -- Installing: /home/ubuntu/ros2_ws/install/custom_msgs/include/custom_msgs/custom_msgs/msg/rosidl_generator_cpp__visibility_control.hpp
[1.736s] -- Installing: /home/ubuntu/ros2_ws/install/custom_msgs/include/custom_msgs/custom_msgs/msg/agent_target_positions.hpp
[1.736s] -- Up-to-date: /home/ubuntu/ros2_ws/install/custom_msgs/include/custom_msgs/custom_msgs/msg/detail
[1.736s] -- Installing: /home/ubuntu/ros2_ws/install/custom_msgs/include/custom_msgs/custom_msgs/msg/detail/agent_target_positions__type_support.hpp
[1.736s] -- Installing: /home/ubuntu/ros2_ws/install/custom_msgs/include/custom_msgs/custom_msgs/msg/detail/agent_target_destinations__traits.hpp
[1.736s] -- Installing: /home/ubuntu/ros2_ws/install/custom_msgs/include/custom_msgs/custom_msgs/msg/detail/agent_target_destinations__builder.hpp
[1.737s] -- Installing: /home/ubuntu/ros2_ws/install/custom_msgs/include/custom_msgs/custom_msgs/msg/detail/agent_target_destinations__type_support.hpp
[1.737s] -- Installing: /home/ubuntu/ros2_ws/install/custom_msgs/include/custom_msgs/custom_msgs/msg/detail/agent_target_positions__traits.hpp
[1.737s] -- Installing: /home/ubuntu/ros2_ws/install/custom_msgs/include/custom_msgs/custom_msgs/msg/detail/agent_target_positions__builder.hpp
[1.737s] -- Installing: /home/ubuntu/ros2_ws/install/custom_msgs/include/custom_msgs/custom_msgs/msg/detail/agent_target_positions__struct.hpp
[1.737s] -- Installing: /home/ubuntu/ros2_ws/install/custom_msgs/include/custom_msgs/custom_msgs/msg/detail/agent_target_destinations__struct.hpp
[1.737s] -- Up-to-date: /home/ubuntu/ros2_ws/install/custom_msgs/include/custom_msgs/custom_msgs
[1.737s] -- Up-to-date: /home/ubuntu/ros2_ws/install/custom_msgs/include/custom_msgs/custom_msgs/msg
[1.737s] -- Installing: /home/ubuntu/ros2_ws/install/custom_msgs/include/custom_msgs/custom_msgs/msg/rosidl_typesupport_fastrtps_cpp__visibility_control.h
[1.737s] -- Up-to-date: /home/ubuntu/ros2_ws/install/custom_msgs/include/custom_msgs/custom_msgs/msg/detail
[1.737s] -- Installing: /home/ubuntu/ros2_ws/install/custom_msgs/include/custom_msgs/custom_msgs/msg/detail/dds_fastrtps
[1.737s] -- Installing: /home/ubuntu/ros2_ws/install/custom_msgs/include/custom_msgs/custom_msgs/msg/detail/agent_target_destinations__rosidl_typesupport_fastrtps_cpp.hpp
[1.737s] -- Installing: /home/ubuntu/ros2_ws/install/custom_msgs/include/custom_msgs/custom_msgs/msg/detail/agent_target_positions__rosidl_typesupport_fastrtps_cpp.hpp
[1.737s] -- Installing: /home/ubuntu/ros2_ws/install/custom_msgs/lib/libcustom_msgs__rosidl_typesupport_fastrtps_cpp.so
[1.737s] -- Set runtime path of "/home/ubuntu/ros2_ws/install/custom_msgs/lib/libcustom_msgs__rosidl_typesupport_fastrtps_cpp.so" to ""
[1.737s] -- Up-to-date: /home/ubuntu/ros2_ws/install/custom_msgs/include/custom_msgs/custom_msgs
[1.737s] -- Up-to-date: /home/ubuntu/ros2_ws/install/custom_msgs/include/custom_msgs/custom_msgs/msg
[1.737s] -- Installing: /home/ubuntu/ros2_ws/install/custom_msgs/include/custom_msgs/custom_msgs/msg/rosidl_typesupport_introspection_c__visibility_control.h
[1.737s] -- Up-to-date: /home/ubuntu/ros2_ws/install/custom_msgs/include/custom_msgs/custom_msgs/msg/detail
[1.737s] -- Installing: /home/ubuntu/ros2_ws/install/custom_msgs/include/custom_msgs/custom_msgs/msg/detail/agent_target_destinations__type_support.c
[1.737s] -- Installing: /home/ubuntu/ros2_ws/install/custom_msgs/include/custom_msgs/custom_msgs/msg/detail/agent_target_positions__rosidl_typesupport_introspection_c.h
[1.737s] -- Installing: /home/ubuntu/ros2_ws/install/custom_msgs/include/custom_msgs/custom_msgs/msg/detail/agent_target_positions__type_support.c
[1.737s] -- Installing: /home/ubuntu/ros2_ws/install/custom_msgs/include/custom_msgs/custom_msgs/msg/detail/agent_target_destinations__rosidl_typesupport_introspection_c.h
[1.737s] -- Installing: /home/ubuntu/ros2_ws/install/custom_msgs/lib/libcustom_msgs__rosidl_typesupport_introspection_c.so
[1.738s] -- Set runtime path of "/home/ubuntu/ros2_ws/install/custom_msgs/lib/libcustom_msgs__rosidl_typesupport_introspection_c.so" to ""
[1.738s] -- Installing: /home/ubuntu/ros2_ws/install/custom_msgs/lib/libcustom_msgs__rosidl_typesupport_c.so
[1.738s] -- Set runtime path of "/home/ubuntu/ros2_ws/install/custom_msgs/lib/libcustom_msgs__rosidl_typesupport_c.so" to ""
[1.738s] -- Up-to-date: /home/ubuntu/ros2_ws/install/custom_msgs/include/custom_msgs/custom_msgs
[1.738s] -- Up-to-date: /home/ubuntu/ros2_ws/install/custom_msgs/include/custom_msgs/custom_msgs/msg
[1.738s] -- Up-to-date: /home/ubuntu/ros2_ws/install/custom_msgs/include/custom_msgs/custom_msgs/msg/detail
[1.738s] -- Installing: /home/ubuntu/ros2_ws/install/custom_msgs/include/custom_msgs/custom_msgs/msg/detail/agent_target_positions__type_support.cpp
[1.738s] -- Installing: /home/ubuntu/ros2_ws/install/custom_msgs/include/custom_msgs/custom_msgs/msg/detail/agent_target_positions__rosidl_typesupport_introspection_cpp.hpp
[1.738s] -- Installing: /home/ubuntu/ros2_ws/install/custom_msgs/include/custom_msgs/custom_msgs/msg/detail/agent_target_destinations__rosidl_typesupport_introspection_cpp.hpp
[1.738s] -- Installing: /home/ubuntu/ros2_ws/install/custom_msgs/include/custom_msgs/custom_msgs/msg/detail/agent_target_destinations__type_support.cpp
[1.738s] -- Installing: /home/ubuntu/ros2_ws/install/custom_msgs/lib/libcustom_msgs__rosidl_typesupport_introspection_cpp.so
[1.738s] -- Set runtime path of "/home/ubuntu/ros2_ws/install/custom_msgs/lib/libcustom_msgs__rosidl_typesupport_introspection_cpp.so" to ""
[1.738s] -- Installing: /home/ubuntu/ros2_ws/install/custom_msgs/lib/libcustom_msgs__rosidl_typesupport_cpp.so
[1.738s] -- Set runtime path of "/home/ubuntu/ros2_ws/install/custom_msgs/lib/libcustom_msgs__rosidl_typesupport_cpp.so" to ""
[1.738s] -- Installing: /home/ubuntu/ros2_ws/install/custom_msgs/share/custom_msgs/environment/pythonpath.sh
[1.738s] -- Installing: /home/ubuntu/ros2_ws/install/custom_msgs/share/custom_msgs/environment/pythonpath.dsv
[1.738s] -- Installing: /home/ubuntu/ros2_ws/install/custom_msgs/local/lib/python3.10/dist-packages/custom_msgs-0.0.0-py3.10.egg-info
[1.739s] -- Installing: /home/ubuntu/ros2_ws/install/custom_msgs/local/lib/python3.10/dist-packages/custom_msgs-0.0.0-py3.10.egg-info/SOURCES.txt
[1.739s] -- Installing: /home/ubuntu/ros2_ws/install/custom_msgs/local/lib/python3.10/dist-packages/custom_msgs-0.0.0-py3.10.egg-info/PKG-INFO
[1.739s] -- Installing: /home/ubuntu/ros2_ws/install/custom_msgs/local/lib/python3.10/dist-packages/custom_msgs-0.0.0-py3.10.egg-info/top_level.txt
[1.739s] -- Installing: /home/ubuntu/ros2_ws/install/custom_msgs/local/lib/python3.10/dist-packages/custom_msgs-0.0.0-py3.10.egg-info/dependency_links.txt
[1.739s] -- Installing: /home/ubuntu/ros2_ws/install/custom_msgs/local/lib/python3.10/dist-packages/custom_msgs
[1.739s] -- Installing: /home/ubuntu/ros2_ws/install/custom_msgs/local/lib/python3.10/dist-packages/custom_msgs/custom_msgs_s__rosidl_typesupport_introspection_c.cpython-310-aarch64-linux-gnu.so
[1.739s] -- Installing: /home/ubuntu/ros2_ws/install/custom_msgs/local/lib/python3.10/dist-packages/custom_msgs/_custom_msgs_s.ep.rosidl_typesupport_introspection_c.c
[1.739s] -- Installing: /home/ubuntu/ros2_ws/install/custom_msgs/local/lib/python3.10/dist-packages/custom_msgs/_custom_msgs_s.ep.rosidl_typesupport_fastrtps_c.c
[1.739s] -- Installing: /home/ubuntu/ros2_ws/install/custom_msgs/local/lib/python3.10/dist-packages/custom_msgs/_custom_msgs_s.ep.rosidl_typesupport_c.c
[1.739s] -- Installing: /home/ubuntu/ros2_ws/install/custom_msgs/local/lib/python3.10/dist-packages/custom_msgs/__init__.py
[1.739s] -- Installing: /home/ubuntu/ros2_ws/install/custom_msgs/local/lib/python3.10/dist-packages/custom_msgs/custom_msgs_s__rosidl_typesupport_fastrtps_c.cpython-310-aarch64-linux-gnu.so
[1.739s] -- Installing: /home/ubuntu/ros2_ws/install/custom_msgs/local/lib/python3.10/dist-packages/custom_msgs/custom_msgs_s__rosidl_typesupport_c.cpython-310-aarch64-linux-gnu.so
[1.739s] -- Installing: /home/ubuntu/ros2_ws/install/custom_msgs/local/lib/python3.10/dist-packages/custom_msgs/msg
[1.739s] -- Installing: /home/ubuntu/ros2_ws/install/custom_msgs/local/lib/python3.10/dist-packages/custom_msgs/msg/_agent_target_positions_s.c
[1.739s] -- Installing: /home/ubuntu/ros2_ws/install/custom_msgs/local/lib/python3.10/dist-packages/custom_msgs/msg/_agent_target_positions.py
[1.739s] -- Installing: /home/ubuntu/ros2_ws/install/custom_msgs/local/lib/python3.10/dist-packages/custom_msgs/msg/__init__.py
[1.739s] -- Installing: /home/ubuntu/ros2_ws/install/custom_msgs/local/lib/python3.10/dist-packages/custom_msgs/msg/_agent_target_destinations_s.c
[1.739s] -- Installing: /home/ubuntu/ros2_ws/install/custom_msgs/local/lib/python3.10/dist-packages/custom_msgs/msg/_agent_target_destinations.py
[1.739s] -- Installing: /home/ubuntu/ros2_ws/install/custom_msgs/local/lib/python3.10/dist-packages/custom_msgs/libcustom_msgs__rosidl_generator_py.so
[1.752s] Listing '/home/ubuntu/ros2_ws/install/custom_msgs/local/lib/python3.10/dist-packages/custom_msgs'...
[1.752s] Compiling '/home/ubuntu/ros2_ws/install/custom_msgs/local/lib/python3.10/dist-packages/custom_msgs/__init__.py'...
[1.752s] Listing '/home/ubuntu/ros2_ws/install/custom_msgs/local/lib/python3.10/dist-packages/custom_msgs/msg'...
[1.752s] Compiling '/home/ubuntu/ros2_ws/install/custom_msgs/local/lib/python3.10/dist-packages/custom_msgs/msg/__init__.py'...
[1.752s] Compiling '/home/ubuntu/ros2_ws/install/custom_msgs/local/lib/python3.10/dist-packages/custom_msgs/msg/_agent_target_destinations.py'...
[1.752s] Compiling '/home/ubuntu/ros2_ws/install/custom_msgs/local/lib/python3.10/dist-packages/custom_msgs/msg/_agent_target_positions.py'...
[1.754s] -- Installing: /home/ubuntu/ros2_ws/install/custom_msgs/local/lib/python3.10/dist-packages/custom_msgs/custom_msgs_s__rosidl_typesupport_fastrtps_c.cpython-310-aarch64-linux-gnu.so
[1.754s] -- Set runtime path of "/home/ubuntu/ros2_ws/install/custom_msgs/local/lib/python3.10/dist-packages/custom_msgs/custom_msgs_s__rosidl_typesupport_fastrtps_c.cpython-310-aarch64-linux-gnu.so" to ""
[1.754s] -- Installing: /home/ubuntu/ros2_ws/install/custom_msgs/local/lib/python3.10/dist-packages/custom_msgs/custom_msgs_s__rosidl_typesupport_introspection_c.cpython-310-aarch64-linux-gnu.so
[1.754s] -- Set runtime path of "/home/ubuntu/ros2_ws/install/custom_msgs/local/lib/python3.10/dist-packages/custom_msgs/custom_msgs_s__rosidl_typesupport_introspection_c.cpython-310-aarch64-linux-gnu.so" to ""
[1.754s] -- Installing: /home/ubuntu/ros2_ws/install/custom_msgs/local/lib/python3.10/dist-packages/custom_msgs/custom_msgs_s__rosidl_typesupport_c.cpython-310-aarch64-linux-gnu.so
[1.754s] -- Set runtime path of "/home/ubuntu/ros2_ws/install/custom_msgs/local/lib/python3.10/dist-packages/custom_msgs/custom_msgs_s__rosidl_typesupport_c.cpython-310-aarch64-linux-gnu.so" to ""
[1.755s] -- Installing: /home/ubuntu/ros2_ws/install/custom_msgs/lib/libcustom_msgs__rosidl_generator_py.so
[1.755s] -- Set runtime path of "/home/ubuntu/ros2_ws/install/custom_msgs/lib/libcustom_msgs__rosidl_generator_py.so" to ""
[1.755s] -- Installing: /home/ubuntu/ros2_ws/install/custom_msgs/share/custom_msgs/msg/AgentTargetPositions.idl
[1.755s] -- Installing: /home/ubuntu/ros2_ws/install/custom_msgs/share/custom_msgs/msg/AgentTargetDestinations.idl
[1.755s] -- Installing: /home/ubuntu/ros2_ws/install/custom_msgs/share/custom_msgs/msg/AgentTargetPositions.msg
[1.755s] -- Installing: /home/ubuntu/ros2_ws/install/custom_msgs/share/custom_msgs/msg/AgentTargetDestinations.msg
[1.755s] -- Installing: /home/ubuntu/ros2_ws/install/custom_msgs/share/ament_index/resource_index/package_run_dependencies/custom_msgs
[1.755s] -- Installing: /home/ubuntu/ros2_ws/install/custom_msgs/share/ament_index/resource_index/parent_prefix_path/custom_msgs
[1.755s] -- Installing: /home/ubuntu/ros2_ws/install/custom_msgs/share/custom_msgs/environment/ament_prefix_path.sh
[1.755s] -- Installing: /home/ubuntu/ros2_ws/install/custom_msgs/share/custom_msgs/environment/ament_prefix_path.dsv
[1.755s] -- Installing: /home/ubuntu/ros2_ws/install/custom_msgs/share/custom_msgs/environment/path.sh
[1.755s] -- Installing: /home/ubuntu/ros2_ws/install/custom_msgs/share/custom_msgs/environment/path.dsv
[1.755s] -- Installing: /home/ubuntu/ros2_ws/install/custom_msgs/share/custom_msgs/local_setup.bash
[1.755s] -- Installing: /home/ubuntu/ros2_ws/install/custom_msgs/share/custom_msgs/local_setup.sh
[1.756s] -- Installing: /home/ubuntu/ros2_ws/install/custom_msgs/share/custom_msgs/local_setup.zsh
[1.756s] -- Installing: /home/ubuntu/ros2_ws/install/custom_msgs/share/custom_msgs/local_setup.dsv
[1.756s] -- Installing: /home/ubuntu/ros2_ws/install/custom_msgs/share/custom_msgs/package.dsv
[1.756s] -- Installing: /home/ubuntu/ros2_ws/install/custom_msgs/share/ament_index/resource_index/packages/custom_msgs
[1.756s] -- Installing: /home/ubuntu/ros2_ws/install/custom_msgs/share/custom_msgs/cmake/export_custom_msgs__rosidl_generator_cExport.cmake
[1.756s] -- Installing: /home/ubuntu/ros2_ws/install/custom_msgs/share/custom_msgs/cmake/export_custom_msgs__rosidl_generator_cExport-noconfig.cmake
[1.756s] -- Installing: /home/ubuntu/ros2_ws/install/custom_msgs/share/custom_msgs/cmake/export_custom_msgs__rosidl_typesupport_fastrtps_cExport.cmake
[1.756s] -- Installing: /home/ubuntu/ros2_ws/install/custom_msgs/share/custom_msgs/cmake/export_custom_msgs__rosidl_typesupport_fastrtps_cExport-noconfig.cmake
[1.756s] -- Installing: /home/ubuntu/ros2_ws/install/custom_msgs/share/custom_msgs/cmake/export_custom_msgs__rosidl_generator_cppExport.cmake
[1.756s] -- Installing: /home/ubuntu/ros2_ws/install/custom_msgs/share/custom_msgs/cmake/export_custom_msgs__rosidl_typesupport_fastrtps_cppExport.cmake
[1.756s] -- Installing: /home/ubuntu/ros2_ws/install/custom_msgs/share/custom_msgs/cmake/export_custom_msgs__rosidl_typesupport_fastrtps_cppExport-noconfig.cmake
[1.756s] -- Installing: /home/ubuntu/ros2_ws/install/custom_msgs/share/custom_msgs/cmake/custom_msgs__rosidl_typesupport_introspection_cExport.cmake
[1.756s] -- Installing: /home/ubuntu/ros2_ws/install/custom_msgs/share/custom_msgs/cmake/custom_msgs__rosidl_typesupport_introspection_cExport-noconfig.cmake
[1.756s] -- Installing: /home/ubuntu/ros2_ws/install/custom_msgs/share/custom_msgs/cmake/custom_msgs__rosidl_typesupport_cExport.cmake
[1.756s] -- Installing: /home/ubuntu/ros2_ws/install/custom_msgs/share/custom_msgs/cmake/custom_msgs__rosidl_typesupport_cExport-noconfig.cmake
[1.756s] -- Installing: /home/ubuntu/ros2_ws/install/custom_msgs/share/custom_msgs/cmake/custom_msgs__rosidl_typesupport_introspection_cppExport.cmake
[1.756s] -- Installing: /home/ubuntu/ros2_ws/install/custom_msgs/share/custom_msgs/cmake/custom_msgs__rosidl_typesupport_introspection_cppExport-noconfig.cmake
[1.756s] -- Installing: /home/ubuntu/ros2_ws/install/custom_msgs/share/custom_msgs/cmake/custom_msgs__rosidl_typesupport_cppExport.cmake
[1.756s] -- Installing: /home/ubuntu/ros2_ws/install/custom_msgs/share/custom_msgs/cmake/custom_msgs__rosidl_typesupport_cppExport-noconfig.cmake
[1.756s] -- Installing: /home/ubuntu/ros2_ws/install/custom_msgs/share/custom_msgs/cmake/export_custom_msgs__rosidl_generator_pyExport.cmake
[1.756s] -- Installing: /home/ubuntu/ros2_ws/install/custom_msgs/share/custom_msgs/cmake/export_custom_msgs__rosidl_generator_pyExport-noconfig.cmake
[1.756s] -- Installing: /home/ubuntu/ros2_ws/install/custom_msgs/share/custom_msgs/cmake/rosidl_cmake-extras.cmake
[1.757s] -- Installing: /home/ubuntu/ros2_ws/install/custom_msgs/share/custom_msgs/cmake/ament_cmake_export_dependencies-extras.cmake
[1.757s] -- Installing: /home/ubuntu/ros2_ws/install/custom_msgs/share/custom_msgs/cmake/ament_cmake_export_include_directories-extras.cmake
[1.757s] -- Installing: /home/ubuntu/ros2_ws/install/custom_msgs/share/custom_msgs/cmake/ament_cmake_export_libraries-extras.cmake
[1.757s] -- Installing: /home/ubuntu/ros2_ws/install/custom_msgs/share/custom_msgs/cmake/ament_cmake_export_targets-extras.cmake
[1.757s] -- Installing: /home/ubuntu/ros2_ws/install/custom_msgs/share/custom_msgs/cmake/rosidl_cmake_export_typesupport_targets-extras.cmake
[1.757s] -- Installing: /home/ubuntu/ros2_ws/install/custom_msgs/share/custom_msgs/cmake/rosidl_cmake_export_typesupport_libraries-extras.cmake
[1.757s] -- Installing: /home/ubuntu/ros2_ws/install/custom_msgs/share/custom_msgs/cmake/custom_msgsConfig.cmake
[1.757s] -- Installing: /home/ubuntu/ros2_ws/install/custom_msgs/share/custom_msgs/cmake/custom_msgsConfig-version.cmake
[1.757s] -- Installing: /home/ubuntu/ros2_ws/install/custom_msgs/share/custom_msgs/package.xml
[1.758s] Invoked command in '/home/ubuntu/ros2_ws/build/custom_msgs' returned '0': CMAKE_PREFIX_PATH=${CMAKE_PREFIX_PATH}:/home/ubuntu/ros2_ws/install/ros_tcp_endpoint:/home/ubuntu/ros2_ws/install/navigation_unity_package:/opt/ros/humble /usr/bin/cmake --install /home/ubuntu/ros2_ws/build/custom_msgs
