[0.202s] Invoking command in '/home/ubuntu/ros2_ws/src/navigation_unity_package': PYTHONPATH=/home/ubuntu/ros2_ws/build/navigation_unity_package/prefix_override:/usr/lib/python3/dist-packages/colcon_core/task/python/colcon_distutils_commands:/home/ubuntu/ros2_ws/install/navigation_unity_package/lib/python3.10/site-packages:${PYTHONPATH} /usr/bin/python3 -W ignore:setup.py install is deprecated -W ignore:easy_install command is deprecated setup.py egg_info --egg-base ../../build/navigation_unity_package build --build-base /home/ubuntu/ros2_ws/build/navigation_unity_package/build install --record /home/ubuntu/ros2_ws/build/navigation_unity_package/install.log --single-version-externally-managed install_data
[0.278s] running egg_info
[0.278s] creating ../../build/navigation_unity_package/navigation_unity_package.egg-info
[0.278s] writing ../../build/navigation_unity_package/navigation_unity_package.egg-info/PKG-INFO
[0.279s] writing dependency_links to ../../build/navigation_unity_package/navigation_unity_package.egg-info/dependency_links.txt
[0.279s] writing entry points to ../../build/navigation_unity_package/navigation_unity_package.egg-info/entry_points.txt
[0.279s] writing requirements to ../../build/navigation_unity_package/navigation_unity_package.egg-info/requires.txt
[0.279s] writing top-level names to ../../build/navigation_unity_package/navigation_unity_package.egg-info/top_level.txt
[0.279s] writing manifest file '../../build/navigation_unity_package/navigation_unity_package.egg-info/SOURCES.txt'
[0.279s] reading manifest file '../../build/navigation_unity_package/navigation_unity_package.egg-info/SOURCES.txt'
[0.279s] writing manifest file '../../build/navigation_unity_package/navigation_unity_package.egg-info/SOURCES.txt'
[0.280s] running build
[0.280s] running build_py
[0.280s] creating /home/ubuntu/ros2_ws/build/navigation_unity_package/build
[0.280s] creating /home/ubuntu/ros2_ws/build/navigation_unity_package/build/lib
[0.280s] creating /home/ubuntu/ros2_ws/build/navigation_unity_package/build/lib/navigation_unity_package
[0.280s] copying navigation_unity_package/agent_distance_subscriber.py -> /home/ubuntu/ros2_ws/build/navigation_unity_package/build/lib/navigation_unity_package
[0.280s] copying navigation_unity_package/__init__.py -> /home/ubuntu/ros2_ws/build/navigation_unity_package/build/lib/navigation_unity_package
[0.280s] running install
[0.280s] running install_lib
[0.280s] creating /home/ubuntu/ros2_ws/install/navigation_unity_package/lib/python3.10/site-packages/navigation_unity_package
[0.280s] copying /home/ubuntu/ros2_ws/build/navigation_unity_package/build/lib/navigation_unity_package/agent_distance_subscriber.py -> /home/ubuntu/ros2_ws/install/navigation_unity_package/lib/python3.10/site-packages/navigation_unity_package
[0.280s] copying /home/ubuntu/ros2_ws/build/navigation_unity_package/build/lib/navigation_unity_package/__init__.py -> /home/ubuntu/ros2_ws/install/navigation_unity_package/lib/python3.10/site-packages/navigation_unity_package
[0.281s] byte-compiling /home/ubuntu/ros2_ws/install/navigation_unity_package/lib/python3.10/site-packages/navigation_unity_package/agent_distance_subscriber.py to agent_distance_subscriber.cpython-310.pyc
[0.281s] byte-compiling /home/ubuntu/ros2_ws/install/navigation_unity_package/lib/python3.10/site-packages/navigation_unity_package/__init__.py to __init__.cpython-310.pyc
[0.281s] running install_data
[0.281s] creating /home/ubuntu/ros2_ws/install/navigation_unity_package/share/ament_index
[0.281s] creating /home/ubuntu/ros2_ws/install/navigation_unity_package/share/ament_index/resource_index
[0.281s] creating /home/ubuntu/ros2_ws/install/navigation_unity_package/share/ament_index/resource_index/packages
[0.281s] copying resource/navigation_unity_package -> /home/ubuntu/ros2_ws/install/navigation_unity_package/share/ament_index/resource_index/packages
[0.281s] copying package.xml -> /home/ubuntu/ros2_ws/install/navigation_unity_package/share/navigation_unity_package
[0.281s] running install_egg_info
[0.282s] Copying ../../build/navigation_unity_package/navigation_unity_package.egg-info to /home/ubuntu/ros2_ws/install/navigation_unity_package/lib/python3.10/site-packages/navigation_unity_package-0.0.0-py3.10.egg-info
[0.282s] running install_scripts
[0.289s] Installing agent_distance_subscriber script to /home/ubuntu/ros2_ws/install/navigation_unity_package/lib/navigation_unity_package
[0.290s] Installing agent_target_publisher script to /home/ubuntu/ros2_ws/install/navigation_unity_package/lib/navigation_unity_package
[0.290s] Installing target_subscriber script to /home/ubuntu/ros2_ws/install/navigation_unity_package/lib/navigation_unity_package
[0.290s] writing list of installed files to '/home/ubuntu/ros2_ws/build/navigation_unity_package/install.log'
[0.299s] Invoked command in '/home/ubuntu/ros2_ws/src/navigation_unity_package' returned '0': PYTHONPATH=/home/ubuntu/ros2_ws/build/navigation_unity_package/prefix_override:/usr/lib/python3/dist-packages/colcon_core/task/python/colcon_distutils_commands:/home/ubuntu/ros2_ws/install/navigation_unity_package/lib/python3.10/site-packages:${PYTHONPATH} /usr/bin/python3 -W ignore:setup.py install is deprecated -W ignore:easy_install command is deprecated setup.py egg_info --egg-base ../../build/navigation_unity_package build --build-base /home/ubuntu/ros2_ws/build/navigation_unity_package/build install --record /home/ubuntu/ros2_ws/build/navigation_unity_package/install.log --single-version-externally-managed install_data
