[0.336s] Invoking command in '/home/ubuntu/ros2_ws/src/ROS-TCP-Endpoint-main-ros2': PYTHONPATH=/home/ubuntu/ros2_ws/build/ros_tcp_endpoint/prefix_override:/usr/lib/python3/dist-packages/colcon_core/task/python/colcon_distutils_commands:/home/ubuntu/ros2_ws/install/ros_tcp_endpoint/lib/python3.10/site-packages:${PYTHONPATH} /usr/bin/python3 -W ignore:setup.py install is deprecated -W ignore:easy_install command is deprecated setup.py egg_info --egg-base ../../build/ros_tcp_endpoint build --build-base /home/ubuntu/ros2_ws/build/ros_tcp_endpoint/build install --record /home/ubuntu/ros2_ws/build/ros_tcp_endpoint/install.log --install-scripts $base/lib/ros_tcp_endpoint --single-version-externally-managed install_data
[0.410s] /usr/lib/python3/dist-packages/setuptools/dist.py:723: UserWarning: Usage of dash-separated 'script-dir' will not be supported in future versions. Please use the underscore name 'script_dir' instead
[0.410s]   warnings.warn(
[0.413s] running egg_info
[0.413s] creating ../../build/ros_tcp_endpoint/ros_tcp_endpoint.egg-info
[0.413s] writing ../../build/ros_tcp_endpoint/ros_tcp_endpoint.egg-info/PKG-INFO
[0.413s] writing dependency_links to ../../build/ros_tcp_endpoint/ros_tcp_endpoint.egg-info/dependency_links.txt
[0.414s] writing entry points to ../../build/ros_tcp_endpoint/ros_tcp_endpoint.egg-info/entry_points.txt
[0.414s] writing requirements to ../../build/ros_tcp_endpoint/ros_tcp_endpoint.egg-info/requires.txt
[0.414s] writing top-level names to ../../build/ros_tcp_endpoint/ros_tcp_endpoint.egg-info/top_level.txt
[0.414s] writing manifest file '../../build/ros_tcp_endpoint/ros_tcp_endpoint.egg-info/SOURCES.txt'
[0.414s] reading manifest file '../../build/ros_tcp_endpoint/ros_tcp_endpoint.egg-info/SOURCES.txt'
[0.414s] adding license file 'LICENSE'
[0.415s] writing manifest file '../../build/ros_tcp_endpoint/ros_tcp_endpoint.egg-info/SOURCES.txt'
[0.415s] running build
[0.415s] running build_py
[0.415s] creating /home/ubuntu/ros2_ws/build/ros_tcp_endpoint/build
[0.415s] creating /home/ubuntu/ros2_ws/build/ros_tcp_endpoint/build/lib
[0.415s] creating /home/ubuntu/ros2_ws/build/ros_tcp_endpoint/build/lib/ros_tcp_endpoint
[0.415s] copying ros_tcp_endpoint/service.py -> /home/ubuntu/ros2_ws/build/ros_tcp_endpoint/build/lib/ros_tcp_endpoint
[0.416s] copying ros_tcp_endpoint/thread_pauser.py -> /home/ubuntu/ros2_ws/build/ros_tcp_endpoint/build/lib/ros_tcp_endpoint
[0.416s] copying ros_tcp_endpoint/exceptions.py -> /home/ubuntu/ros2_ws/build/ros_tcp_endpoint/build/lib/ros_tcp_endpoint
[0.417s] copying ros_tcp_endpoint/default_server_endpoint.py -> /home/ubuntu/ros2_ws/build/ros_tcp_endpoint/build/lib/ros_tcp_endpoint
[0.417s] copying ros_tcp_endpoint/communication.py -> /home/ubuntu/ros2_ws/build/ros_tcp_endpoint/build/lib/ros_tcp_endpoint
[0.417s] copying ros_tcp_endpoint/server.py -> /home/ubuntu/ros2_ws/build/ros_tcp_endpoint/build/lib/ros_tcp_endpoint
[0.417s] copying ros_tcp_endpoint/tcp_sender.py -> /home/ubuntu/ros2_ws/build/ros_tcp_endpoint/build/lib/ros_tcp_endpoint
[0.417s] copying ros_tcp_endpoint/__init__.py -> /home/ubuntu/ros2_ws/build/ros_tcp_endpoint/build/lib/ros_tcp_endpoint
[0.418s] copying ros_tcp_endpoint/client.py -> /home/ubuntu/ros2_ws/build/ros_tcp_endpoint/build/lib/ros_tcp_endpoint
[0.418s] copying ros_tcp_endpoint/publisher.py -> /home/ubuntu/ros2_ws/build/ros_tcp_endpoint/build/lib/ros_tcp_endpoint
[0.418s] copying ros_tcp_endpoint/unity_service.py -> /home/ubuntu/ros2_ws/build/ros_tcp_endpoint/build/lib/ros_tcp_endpoint
[0.418s] copying ros_tcp_endpoint/subscriber.py -> /home/ubuntu/ros2_ws/build/ros_tcp_endpoint/build/lib/ros_tcp_endpoint
[0.419s] running install
[0.419s] running install_lib
[0.419s] creating /home/ubuntu/ros2_ws/install/ros_tcp_endpoint/lib/python3.10/site-packages/ros_tcp_endpoint
[0.419s] copying /home/ubuntu/ros2_ws/build/ros_tcp_endpoint/build/lib/ros_tcp_endpoint/service.py -> /home/ubuntu/ros2_ws/install/ros_tcp_endpoint/lib/python3.10/site-packages/ros_tcp_endpoint
[0.419s] copying /home/ubuntu/ros2_ws/build/ros_tcp_endpoint/build/lib/ros_tcp_endpoint/thread_pauser.py -> /home/ubuntu/ros2_ws/install/ros_tcp_endpoint/lib/python3.10/site-packages/ros_tcp_endpoint
[0.420s] copying /home/ubuntu/ros2_ws/build/ros_tcp_endpoint/build/lib/ros_tcp_endpoint/exceptions.py -> /home/ubuntu/ros2_ws/install/ros_tcp_endpoint/lib/python3.10/site-packages/ros_tcp_endpoint
[0.420s] copying /home/ubuntu/ros2_ws/build/ros_tcp_endpoint/build/lib/ros_tcp_endpoint/default_server_endpoint.py -> /home/ubuntu/ros2_ws/install/ros_tcp_endpoint/lib/python3.10/site-packages/ros_tcp_endpoint
[0.420s] copying /home/ubuntu/ros2_ws/build/ros_tcp_endpoint/build/lib/ros_tcp_endpoint/communication.py -> /home/ubuntu/ros2_ws/install/ros_tcp_endpoint/lib/python3.10/site-packages/ros_tcp_endpoint
[0.420s] copying /home/ubuntu/ros2_ws/build/ros_tcp_endpoint/build/lib/ros_tcp_endpoint/server.py -> /home/ubuntu/ros2_ws/install/ros_tcp_endpoint/lib/python3.10/site-packages/ros_tcp_endpoint
[0.420s] copying /home/ubuntu/ros2_ws/build/ros_tcp_endpoint/build/lib/ros_tcp_endpoint/tcp_sender.py -> /home/ubuntu/ros2_ws/install/ros_tcp_endpoint/lib/python3.10/site-packages/ros_tcp_endpoint
[0.420s] copying /home/ubuntu/ros2_ws/build/ros_tcp_endpoint/build/lib/ros_tcp_endpoint/__init__.py -> /home/ubuntu/ros2_ws/install/ros_tcp_endpoint/lib/python3.10/site-packages/ros_tcp_endpoint
[0.420s] copying /home/ubuntu/ros2_ws/build/ros_tcp_endpoint/build/lib/ros_tcp_endpoint/client.py -> /home/ubuntu/ros2_ws/install/ros_tcp_endpoint/lib/python3.10/site-packages/ros_tcp_endpoint
[0.420s] copying /home/ubuntu/ros2_ws/build/ros_tcp_endpoint/build/lib/ros_tcp_endpoint/publisher.py -> /home/ubuntu/ros2_ws/install/ros_tcp_endpoint/lib/python3.10/site-packages/ros_tcp_endpoint
[0.420s] copying /home/ubuntu/ros2_ws/build/ros_tcp_endpoint/build/lib/ros_tcp_endpoint/unity_service.py -> /home/ubuntu/ros2_ws/install/ros_tcp_endpoint/lib/python3.10/site-packages/ros_tcp_endpoint
[0.420s] copying /home/ubuntu/ros2_ws/build/ros_tcp_endpoint/build/lib/ros_tcp_endpoint/subscriber.py -> /home/ubuntu/ros2_ws/install/ros_tcp_endpoint/lib/python3.10/site-packages/ros_tcp_endpoint
[0.420s] byte-compiling /home/ubuntu/ros2_ws/install/ros_tcp_endpoint/lib/python3.10/site-packages/ros_tcp_endpoint/service.py to service.cpython-310.pyc
[0.420s] byte-compiling /home/ubuntu/ros2_ws/install/ros_tcp_endpoint/lib/python3.10/site-packages/ros_tcp_endpoint/thread_pauser.py to thread_pauser.cpython-310.pyc
[0.420s] byte-compiling /home/ubuntu/ros2_ws/install/ros_tcp_endpoint/lib/python3.10/site-packages/ros_tcp_endpoint/exceptions.py to exceptions.cpython-310.pyc
[0.421s] byte-compiling /home/ubuntu/ros2_ws/install/ros_tcp_endpoint/lib/python3.10/site-packages/ros_tcp_endpoint/default_server_endpoint.py to default_server_endpoint.cpython-310.pyc
[0.421s] byte-compiling /home/ubuntu/ros2_ws/install/ros_tcp_endpoint/lib/python3.10/site-packages/ros_tcp_endpoint/communication.py to communication.cpython-310.pyc
[0.421s] byte-compiling /home/ubuntu/ros2_ws/install/ros_tcp_endpoint/lib/python3.10/site-packages/ros_tcp_endpoint/server.py to server.cpython-310.pyc
[0.422s] byte-compiling /home/ubuntu/ros2_ws/install/ros_tcp_endpoint/lib/python3.10/site-packages/ros_tcp_endpoint/tcp_sender.py to tcp_sender.cpython-310.pyc
[0.422s] byte-compiling /home/ubuntu/ros2_ws/install/ros_tcp_endpoint/lib/python3.10/site-packages/ros_tcp_endpoint/__init__.py to __init__.cpython-310.pyc
[0.422s] byte-compiling /home/ubuntu/ros2_ws/install/ros_tcp_endpoint/lib/python3.10/site-packages/ros_tcp_endpoint/client.py to client.cpython-310.pyc
[0.423s] byte-compiling /home/ubuntu/ros2_ws/install/ros_tcp_endpoint/lib/python3.10/site-packages/ros_tcp_endpoint/publisher.py to publisher.cpython-310.pyc
[0.423s] byte-compiling /home/ubuntu/ros2_ws/install/ros_tcp_endpoint/lib/python3.10/site-packages/ros_tcp_endpoint/unity_service.py to unity_service.cpython-310.pyc
[0.423s] byte-compiling /home/ubuntu/ros2_ws/install/ros_tcp_endpoint/lib/python3.10/site-packages/ros_tcp_endpoint/subscriber.py to subscriber.cpython-310.pyc
[0.423s] running install_data
[0.423s] creating /home/ubuntu/ros2_ws/install/ros_tcp_endpoint/share/ament_index
[0.423s] creating /home/ubuntu/ros2_ws/install/ros_tcp_endpoint/share/ament_index/resource_index
[0.423s] creating /home/ubuntu/ros2_ws/install/ros_tcp_endpoint/share/ament_index/resource_index/packages
[0.423s] copying resource/ros_tcp_endpoint -> /home/ubuntu/ros2_ws/install/ros_tcp_endpoint/share/ament_index/resource_index/packages
[0.423s] copying package.xml -> /home/ubuntu/ros2_ws/install/ros_tcp_endpoint/share/ros_tcp_endpoint
[0.423s] creating /home/ubuntu/ros2_ws/install/ros_tcp_endpoint/share/ros_tcp_endpoint/launch
[0.423s] copying launch/endpoint.py -> /home/ubuntu/ros2_ws/install/ros_tcp_endpoint/share/ros_tcp_endpoint/launch
[0.423s] running install_egg_info
[0.425s] Copying ../../build/ros_tcp_endpoint/ros_tcp_endpoint.egg-info to /home/ubuntu/ros2_ws/install/ros_tcp_endpoint/lib/python3.10/site-packages/ros_tcp_endpoint-0.0.1-py3.10.egg-info
[0.425s] running install_scripts
[0.432s] Installing default_server_endpoint script to /home/ubuntu/ros2_ws/install/ros_tcp_endpoint/lib/ros_tcp_endpoint
[0.433s] writing list of installed files to '/home/ubuntu/ros2_ws/build/ros_tcp_endpoint/install.log'
[0.444s] Invoked command in '/home/ubuntu/ros2_ws/src/ROS-TCP-Endpoint-main-ros2' returned '0': PYTHONPATH=/home/ubuntu/ros2_ws/build/ros_tcp_endpoint/prefix_override:/usr/lib/python3/dist-packages/colcon_core/task/python/colcon_distutils_commands:/home/ubuntu/ros2_ws/install/ros_tcp_endpoint/lib/python3.10/site-packages:${PYTHONPATH} /usr/bin/python3 -W ignore:setup.py install is deprecated -W ignore:easy_install command is deprecated setup.py egg_info --egg-base ../../build/ros_tcp_endpoint build --build-base /home/ubuntu/ros2_ws/build/ros_tcp_endpoint/build install --record /home/ubuntu/ros2_ws/build/ros_tcp_endpoint/install.log --install-scripts $base/lib/ros_tcp_endpoint --single-version-externally-managed install_data
