[0.353s] Invoking command in '/home/ubuntu/ros2_ws/src/navigation_unity_package': PYTHONPATH=/home/ubuntu/ros2_ws/build/navigation_unity_package/prefix_override:/usr/lib/python3/dist-packages/colcon_core/task/python/colcon_distutils_commands:/home/ubuntu/ros2_ws/install/navigation_unity_package/lib/python3.10/site-packages:${PYTHONPATH} /usr/bin/python3 -W ignore:setup.py install is deprecated -W ignore:easy_install command is deprecated setup.py egg_info --egg-base ../../build/navigation_unity_package build --build-base /home/ubuntu/ros2_ws/build/navigation_unity_package/build install --record /home/ubuntu/ros2_ws/build/navigation_unity_package/install.log --single-version-externally-managed install_data
[0.435s] running egg_info
[0.435s] writing ../../build/navigation_unity_package/navigation_unity_package.egg-info/PKG-INFO
[0.435s] writing dependency_links to ../../build/navigation_unity_package/navigation_unity_package.egg-info/dependency_links.txt
[0.436s] writing entry points to ../../build/navigation_unity_package/navigation_unity_package.egg-info/entry_points.txt
[0.436s] writing requirements to ../../build/navigation_unity_package/navigation_unity_package.egg-info/requires.txt
[0.436s] writing top-level names to ../../build/navigation_unity_package/navigation_unity_package.egg-info/top_level.txt
[0.437s] reading manifest file '../../build/navigation_unity_package/navigation_unity_package.egg-info/SOURCES.txt'
[0.437s] writing manifest file '../../build/navigation_unity_package/navigation_unity_package.egg-info/SOURCES.txt'
[0.437s] running build
[0.437s] running build_py
[0.437s] running install
[0.437s] running install_lib
[0.438s] running install_data
[0.438s] running install_egg_info
[0.439s] removing '/home/ubuntu/ros2_ws/install/navigation_unity_package/lib/python3.10/site-packages/navigation_unity_package-0.0.0-py3.10.egg-info' (and everything under it)
[0.439s] Copying ../../build/navigation_unity_package/navigation_unity_package.egg-info to /home/ubuntu/ros2_ws/install/navigation_unity_package/lib/python3.10/site-packages/navigation_unity_package-0.0.0-py3.10.egg-info
[0.439s] running install_scripts
[0.447s] Installing agent_distance_subscriber script to /home/ubuntu/ros2_ws/install/navigation_unity_package/lib/navigation_unity_package
[0.448s] Installing agent_target_publisher script to /home/ubuntu/ros2_ws/install/navigation_unity_package/lib/navigation_unity_package
[0.448s] Installing target_subscriber script to /home/ubuntu/ros2_ws/install/navigation_unity_package/lib/navigation_unity_package
[0.448s] writing list of installed files to '/home/ubuntu/ros2_ws/build/navigation_unity_package/install.log'
[0.460s] Invoked command in '/home/ubuntu/ros2_ws/src/navigation_unity_package' returned '0': PYTHONPATH=/home/ubuntu/ros2_ws/build/navigation_unity_package/prefix_override:/usr/lib/python3/dist-packages/colcon_core/task/python/colcon_distutils_commands:/home/ubuntu/ros2_ws/install/navigation_unity_package/lib/python3.10/site-packages:${PYTHONPATH} /usr/bin/python3 -W ignore:setup.py install is deprecated -W ignore:easy_install command is deprecated setup.py egg_info --egg-base ../../build/navigation_unity_package build --build-base /home/ubuntu/ros2_ws/build/navigation_unity_package/build install --record /home/ubuntu/ros2_ws/build/navigation_unity_package/install.log --single-version-externally-managed install_data
